<?xml version="1.0" encoding="UTF-8"?>
<!-- Generated by org.testng.reporters.JUnitReportReporter -->
<testsuite hostname="BetterLives" failures="0" tests="1" name="flip.org.Flip_automate" time="2.836" errors="0" timestamp="2025-04-02T11:36:09 IST" skipped="0">
  <testcase classname="flip.org.Flip_automate" name="searchProduct" time="2.836"/>
  <system-out/>
</testsuite> <!-- flip.org.Flip_automate -->
