<?xml version="1.0" encoding="UTF-8"?>
<!-- Generated by org.testng.reporters.JUnitReportReporter -->
<testsuite hostname="BetterLives" failures="0" tests="1" name="flip.org.FlipAutomateTest" time="6.393" errors="0" timestamp="2025-04-02T14:12:04 IST" skipped="0">
  <testcase classname="flip.org.FlipAutomateTest" name="addToCartTest" time="6.393"/>
  <system-out/>
</testsuite> <!-- flip.org.FlipAutomateTest -->
